[2025-01-21 14:56:42] [INFO] Parsed selected devices list from input string, stored in selected_devices[] array.
[2025-01-21 14:56:42] [INFO] mosquitto_lib_init: Success

[2025-01-21 14:56:42] [INFO] mosquitto_new: Success

[2025-01-21 14:56:42] [INFO] mosquitto_username_pw_set: Success

[2025-01-21 14:56:42] [INFO] exim_mosquitto_tls_set: cafile = (null), capath = (null), cerfile = (null), keyfile = (null)

[2025-01-21 14:56:42] [INFO] mosquitto_tls_set: Success

[2025-01-21 14:56:42] [INFO] TLS configuration successful.

[2025-01-21 14:56:43] [INFO] Successfully connected to broker

[2025-01-21 14:56:43] [INFO] mosquitto_connect_callback_set: Success

[2025-01-21 14:56:43] [INFO] mosquitto_message_callback_set: Success

[2025-01-21 14:56:43] [INFO] mosquitto_subscribe: Success

[2025-01-21 14:56:43] [INFO] mosquitto_subscribe: Success

[2025-01-21 14:56:50] [INFO] Received message on topic (null): (null)

[2025-01-21 14:56:50] [DEBUG] Checking device ID: (null)

[2025-01-21 14:56:50] [DEBUG] Device ID (null) is selected.

[2025-01-21 14:56:50] [DEBUG] File_path: /OTA/Delta_packages/firmware_v1.2.bin

[2025-01-21 14:56:50] [INFO] MD5 checksum: (null)

[2025-01-21 14:56:50] [DEBUG] Bin file size: 130897708953563 bytes

[2025-01-21 14:56:50] [DEBUG] Sending file to (null)...

[2025-01-21 14:56:50] [INFO] mosquitto_publish: Success

[2025-01-21 14:56:51] [INFO] Received message on topic (null): (null)

[2025-01-21 14:56:51] [DEBUG] Acknowledgment from device is NULL

[2025-01-21 14:56:51] [INFO] Received message on topic (null): (null)

[2025-01-21 14:56:51] [INFO] Device received file successful. Checksum matches.
[2025-01-21 14:56:51] [INFO] Reset states for new devices.
[2025-01-21 14:56:51] [INFO] Loaded selected devices.
[2025-01-21 14:56:51] [INFO] Loaded selected devices.
