[2025-01-28 13:12:02] [INFO] Parsed selected devices list from input string, stored in selected_devices[] array.
[2025-01-28 13:12:02] [INFO] mosquitto_lib_init: Success

[2025-01-28 13:12:02] [INFO] mosquitto_new: Success

[2025-01-28 13:12:02] [INFO] mosquitto_username_pw_set: Success

[2025-01-28 13:12:02] [INFO] exim_mosquitto_tls_set: cafile = (null), capath = (null), cerfile = (null), keyfile = (null)

[2025-01-28 13:12:02] [INFO] mosquitto_tls_set: Success

[2025-01-28 13:12:02] [INFO] TLS configuration successful.

[2025-01-28 13:12:03] [INFO] Successfully connected to broker

[2025-01-28 13:12:03] [INFO] mosquitto_connect_callback_set: Success

[2025-01-28 13:12:03] [INFO] mosquitto_message_callback_set: Success

[2025-01-28 13:12:03] [INFO] mosquitto_subscribe: Success

[2025-01-28 13:12:12] [INFO] Received message on topic (null): (null)

[2025-01-28 13:12:12] [INFO] Received message on topic (null): (null)

[2025-01-28 13:12:12] [DEBUG] Checking device ID: (null)

[2025-01-28 13:12:12] [DEBUG] Checking device ID: (null)

[2025-01-28 13:12:12] [DEBUG] Device ID (null) is selected.

[2025-01-28 13:12:12] [INFO] mosquitto_publish: Success

[2025-01-28 13:12:13] [INFO] Received message on topic (null): (null)

[2025-01-28 13:12:13] [INFO] Received message on topic (null): (null)

[2025-01-28 13:12:17] [INFO] Received message on topic (null): (null)

[2025-01-28 13:12:17] [INFO] Received message on topic (null): (null)

[2025-01-28 13:12:17] [DEBUG] Checking device ID: (null)

[2025-01-28 13:12:17] [DEBUG] Checking device ID: (null)

[2025-01-28 13:12:17] [DEBUG] Device ID (null) is selected.

[2025-01-28 13:12:17] [INFO] mosquitto_publish: Success

[2025-01-28 13:12:18] [INFO] Received message on topic (null): (null)

[2025-01-28 13:12:18] [INFO] Received message on topic (null): (null)

