[2025-01-09 12:06:57] [INFO] Parsed selected clients list from getenv and stored in selected_clients[] array

[2025-01-09 12:06:57] [INFO] mosquitto_lib_init: Success

[2025-01-09 12:06:57] [INFO] mosquitto_new: Success

[2025-01-09 12:06:58] [INFO] mosquitto_connect: Success

[2025-01-09 12:06:58] [INFO] mosquitto_connect_callback_set: Success

[2025-01-09 12:06:58] [INFO] mosquitto_message_callback_set: Success

[2025-01-09 12:06:58] [INFO] mosquitto_subscribe: Success

[2025-01-09 12:06:58] [INFO] mosquitto_subscribe: Success

[2025-01-09 12:07:08] [INFO] Received message on topic (null): (null)

[2025-01-09 12:07:08] [DEBUG] Checking client IP: (null)

[2025-01-09 12:07:08] [DEBUG] Client IP (null) is selected.

[2025-01-09 12:07:08] [DEBUG] Bin file size: 125760556871643 bytes

[2025-01-09 12:07:08] [DEBUG] Sending file to (null)...

[2025-01-09 12:07:08] [INFO] mosquitto_publish: Success

[2025-01-09 12:07:08] [INFO] Received message on topic (null): (null)

[2025-01-09 12:18:11] [INFO] Parsed selected clients list from getenv and stored in selected_clients[] array

[2025-01-09 12:18:11] [INFO] mosquitto_lib_init: Success

[2025-01-09 12:18:11] [INFO] mosquitto_new: Success

[2025-01-09 12:18:11] [INFO] mosquitto_connect: Success

[2025-01-09 12:18:11] [INFO] mosquitto_connect_callback_set: Success

[2025-01-09 12:18:11] [INFO] mosquitto_message_callback_set: Success

[2025-01-09 12:18:12] [INFO] mosquitto_subscribe: Success

[2025-01-09 12:18:12] [INFO] mosquitto_subscribe: Success

[2025-01-09 12:18:20] [INFO] Received message on topic (null): (null)

[2025-01-09 12:18:20] [DEBUG] Checking client IP: (null)

[2025-01-09 12:18:20] [DEBUG] Client IP (null) is selected.

[2025-01-09 12:18:20] [DEBUG] Bin file size: 125863711584219 bytes

[2025-01-09 12:18:20] [DEBUG] Sending file to (null)...

[2025-01-09 12:18:20] [INFO] mosquitto_publish: Success

[2025-01-09 12:18:20] [INFO] Received message on topic (null): (null)

[2025-01-09 12:28:24] [INFO] Parsed selected clients list from getenv, stored in selected_clients[] array

[2025-01-09 12:28:24] [INFO] mosquitto_lib_init: Success

[2025-01-09 12:28:24] [INFO] mosquitto_new: Success

[2025-01-09 12:28:24] [INFO] mosquitto_connect: Success

[2025-01-09 12:28:24] [INFO] mosquitto_connect_callback_set: Success

[2025-01-09 12:28:24] [INFO] mosquitto_message_callback_set: Success

[2025-01-09 12:28:25] [INFO] mosquitto_subscribe: Success

[2025-01-09 12:28:25] [INFO] mosquitto_subscribe: Success

[2025-01-09 12:28:35] [INFO] Received message on topic (null): (null)

[2025-01-09 12:28:35] [DEBUG] Checking client IP: (null)

[2025-01-09 12:28:35] [DEBUG] Client IP (null) is selected.

[2025-01-09 12:28:35] [DEBUG] Bin file size: 140048212275163 bytes

[2025-01-09 12:28:35] [DEBUG] Sending file to (null)...

[2025-01-09 12:28:35] [INFO] mosquitto_publish: Success

[2025-01-09 12:28:36] [INFO] Received message on topic (null): (null)

[2025-01-09 13:10:31] [INFO] Parsed selected clients list from getenv, stored in selected_clients[] array

[2025-01-09 13:10:31] [INFO] mosquitto_lib_init: Success

[2025-01-09 13:10:31] [INFO] mosquitto_new: Success

[2025-01-09 13:10:31] [INFO] mosquitto_username_pw_set: Success

[2025-01-09 13:10:31] [INFO] mosquitto_tls_set: Success

[2025-01-09 13:10:31] [INFO] TLS configuration successful.

[2025-01-09 13:10:36] [INFO] mosquitto_connect: Success

[2025-01-09 13:10:36] [INFO] mosquitto_connect_callback_set: Success

[2025-01-09 13:10:36] [INFO] mosquitto_message_callback_set: Success

[2025-01-09 13:10:37] [INFO] mosquitto_subscribe: Success

[2025-01-09 13:10:37] [INFO] mosquitto_subscribe: Success

[2025-01-09 13:10:46] [INFO] Received message on topic (null): (null)

[2025-01-09 13:10:46] [DEBUG] Checking client IP: (null)

[2025-01-09 13:10:46] [DEBUG] Client IP (null) is selected.

[2025-01-09 13:10:46] [DEBUG] Bin file size: 124419533025243 bytes

[2025-01-09 13:10:46] [DEBUG] Sending file to (null)...

[2025-01-09 13:10:46] [INFO] mosquitto_publish: Success

[2025-01-09 13:10:46] [INFO] Received message on topic (null): (null)

[2025-01-09 16:24:21] [INFO] Parsed selected clients list from getenv, stored in selected_clients[] array

[2025-01-09 16:24:21] [INFO] mosquitto_lib_init: Success

[2025-01-09 16:24:21] [INFO] mosquitto_new: Success

[2025-01-09 16:24:21] [INFO] mosquitto_username_pw_set: Success

[2025-01-09 16:24:21] [INFO] mosquitto_tls_set: Success

[2025-01-09 16:24:21] [INFO] TLS configuration successful.

[2025-01-09 16:24:21] [INFO] mosquitto_connect: Success

[2025-01-09 16:24:21] [INFO] mosquitto_connect_callback_set: Success

[2025-01-09 16:24:21] [INFO] mosquitto_message_callback_set: Success

[2025-01-09 16:24:22] [INFO] mosquitto_subscribe: Success

[2025-01-09 16:24:22] [INFO] mosquitto_subscribe: Success

[2025-01-09 16:24:38] [INFO] Received message on topic (null): (null)

[2025-01-09 16:26:01] [INFO] Parsed selected clients list from getenv, stored in selected_clients[] array

[2025-01-09 16:26:01] [INFO] mosquitto_lib_init: Success

[2025-01-09 16:26:01] [INFO] mosquitto_new: Success

[2025-01-09 16:26:01] [INFO] mosquitto_username_pw_set: Success

[2025-01-09 16:26:01] [INFO] mosquitto_tls_set: Success

[2025-01-09 16:26:01] [INFO] TLS configuration successful.

[2025-01-09 16:26:01] [INFO] mosquitto_connect: Success

[2025-01-09 16:26:01] [INFO] mosquitto_connect_callback_set: Success

[2025-01-09 16:26:01] [INFO] mosquitto_message_callback_set: Success

[2025-01-09 16:26:02] [INFO] mosquitto_subscribe: Success

[2025-01-09 16:26:02] [INFO] mosquitto_subscribe: Success

[2025-01-09 16:26:08] [INFO] Received message on topic (null): (null)

[2025-01-09 16:28:03] [INFO] mosquitto_subscribe: Success

[2025-01-09 16:28:03] [INFO] mosquitto_subscribe: Success

[2025-01-09 16:28:44] [INFO] Received message on topic (null): (null)

[2025-01-09 16:29:53] [INFO] Parsed selected clients list from getenv, stored in selected_clients[] array

[2025-01-09 16:29:53] [INFO] mosquitto_lib_init: Success

[2025-01-09 16:29:53] [INFO] mosquitto_new: Success

[2025-01-09 16:29:53] [INFO] mosquitto_username_pw_set: Success

[2025-01-09 16:29:53] [INFO] mosquitto_tls_set: Success

[2025-01-09 16:29:53] [INFO] TLS configuration successful.

[2025-01-09 16:29:53] [INFO] mosquitto_connect: Success

[2025-01-09 16:29:53] [INFO] mosquitto_connect_callback_set: Success

[2025-01-09 16:29:53] [INFO] mosquitto_message_callback_set: Success

[2025-01-09 16:29:54] [INFO] mosquitto_subscribe: Success

[2025-01-09 16:29:54] [INFO] mosquitto_subscribe: Success

[2025-01-09 16:30:03] [INFO] Received message on topic (null): (null)

[2025-01-09 16:34:33] [INFO] Parsed selected clients list from getenv, stored in selected_clients[] array

[2025-01-09 16:34:33] [INFO] mosquitto_lib_init: Success

[2025-01-09 16:34:33] [INFO] mosquitto_new: Success

[2025-01-09 16:34:33] [INFO] mosquitto_username_pw_set: Success

[2025-01-09 16:34:33] [INFO] mosquitto_tls_set: Success

[2025-01-09 16:34:33] [INFO] TLS configuration successful.

[2025-01-09 16:34:33] [INFO] mosquitto_connect: Success

[2025-01-09 16:34:33] [INFO] mosquitto_connect_callback_set: Success

[2025-01-09 16:34:33] [INFO] mosquitto_message_callback_set: Success

[2025-01-09 16:34:34] [INFO] mosquitto_subscribe: Success

[2025-01-09 16:34:34] [INFO] mosquitto_subscribe: Success

[2025-01-09 16:34:56] [INFO] Received message on topic (null): (null)

[2025-01-09 16:37:24] [INFO] Parsed selected clients list from getenv, stored in selected_clients[] array

[2025-01-09 16:37:24] [INFO] mosquitto_lib_init: Success

[2025-01-09 16:37:24] [INFO] mosquitto_new: Success

[2025-01-09 16:37:24] [INFO] mosquitto_username_pw_set: Success

[2025-01-09 16:37:24] [INFO] mosquitto_tls_set: Success

[2025-01-09 16:37:24] [INFO] TLS configuration successful.

[2025-01-09 16:37:24] [INFO] mosquitto_connect: Success

[2025-01-09 16:37:24] [INFO] mosquitto_connect_callback_set: Success

[2025-01-09 16:37:24] [INFO] mosquitto_message_callback_set: Success

[2025-01-09 16:37:24] [INFO] mosquitto_subscribe: Success

[2025-01-09 16:37:24] [INFO] mosquitto_subscribe: Success

[2025-01-09 16:37:31] [INFO] Received message on topic (null): (null)

[2025-01-09 16:38:36] [INFO] Parsed selected clients list from getenv, stored in selected_clients[] array

[2025-01-09 16:38:36] [INFO] mosquitto_lib_init: Success

[2025-01-09 16:38:36] [INFO] mosquitto_new: Success

[2025-01-09 16:38:36] [INFO] mosquitto_username_pw_set: Success

[2025-01-09 16:38:36] [INFO] mosquitto_tls_set: Success

[2025-01-09 16:38:36] [INFO] TLS configuration successful.

[2025-01-09 16:38:37] [INFO] mosquitto_connect: Success

[2025-01-09 16:38:37] [INFO] mosquitto_connect_callback_set: Success

[2025-01-09 16:38:37] [INFO] mosquitto_message_callback_set: Success

[2025-01-09 16:38:37] [INFO] mosquitto_subscribe: Success

[2025-01-09 16:38:37] [INFO] mosquitto_subscribe: Success

[2025-01-09 16:38:46] [INFO] Received message on topic (null): (null)

[2025-01-09 16:45:17] [INFO] Parsed selected clients list from getenv, stored in selected_clients[] array

[2025-01-09 16:45:17] [INFO] mosquitto_lib_init: Success

[2025-01-09 16:45:17] [INFO] mosquitto_new: Success

[2025-01-09 16:45:17] [INFO] mosquitto_username_pw_set: Success

[2025-01-09 16:45:17] [INFO] mosquitto_tls_set: Success

[2025-01-09 16:45:17] [INFO] TLS configuration successful.

[2025-01-09 16:45:17] [INFO] mosquitto_connect: Success

[2025-01-09 16:45:17] [INFO] mosquitto_connect_callback_set: Success

[2025-01-09 16:45:17] [INFO] mosquitto_message_callback_set: Success

[2025-01-09 16:45:17] [INFO] mosquitto_subscribe: Success

[2025-01-09 16:45:17] [INFO] mosquitto_subscribe: Success

[2025-01-09 16:45:25] [INFO] Received message on topic (null): (null)

[2025-01-09 16:45:25] [DEBUG] Bin file size: 134806013849563 bytes

[2025-01-09 16:45:25] [DEBUG] Sending file to (null)...

[2025-01-09 16:45:25] [INFO] mosquitto_publish: Success

[2025-01-09 16:45:25] [INFO] Received message on topic (null): (null)

[2025-01-09 17:28:46] [INFO] Parsed selected clients list from getenv, stored in selected_clients[] array

[2025-01-09 17:28:46] [INFO] mosquitto_lib_init: Success

[2025-01-09 17:28:46] [INFO] mosquitto_new: Success

[2025-01-09 17:28:46] [INFO] mosquitto_username_pw_set: Success

[2025-01-09 17:28:46] [INFO] mosquitto_tls_set: Success

[2025-01-09 17:28:46] [INFO] TLS configuration successful.

[2025-01-09 17:28:46] [INFO] mosquitto_connect: Success

[2025-01-09 17:28:46] [INFO] mosquitto_connect_callback_set: Success

[2025-01-09 17:28:46] [INFO] mosquitto_message_callback_set: Success

[2025-01-09 17:28:47] [INFO] mosquitto_subscribe: Success

[2025-01-09 17:28:47] [INFO] mosquitto_subscribe: Success

[2025-01-09 17:37:11] [INFO] Parsed selected clients list from getenv, stored in selected_clients[] array

[2025-01-09 17:37:11] [INFO] mosquitto_lib_init: Success

[2025-01-09 17:37:11] [INFO] mosquitto_new: Success

[2025-01-09 17:37:11] [INFO] mosquitto_username_pw_set: Success

[2025-01-09 17:37:11] [INFO] mosquitto_tls_set: Success

[2025-01-09 17:37:11] [INFO] TLS configuration successful.

[2025-01-09 17:37:12] [INFO] mosquitto_connect: Success

[2025-01-09 17:37:12] [INFO] mosquitto_connect_callback_set: Success

[2025-01-09 17:37:12] [INFO] mosquitto_message_callback_set: Success

[2025-01-09 17:37:12] [INFO] mosquitto_subscribe: Success

[2025-01-09 17:37:12] [INFO] mosquitto_subscribe: Success

[2025-01-10 09:58:13] [INFO] Parsed selected clients list from getenv, stored in selected_clients[] array

[2025-01-10 09:58:13] [INFO] mosquitto_lib_init: Success

[2025-01-10 09:58:13] [INFO] mosquitto_new: Success

[2025-01-10 09:58:13] [INFO] mosquitto_username_pw_set: Success

[2025-01-10 09:58:13] [INFO] mosquitto_tls_set: Success

[2025-01-10 09:58:13] [INFO] TLS configuration successful.

[2025-01-10 09:58:13] [INFO] mosquitto_connect: Success

[2025-01-10 09:58:13] [INFO] mosquitto_connect_callback_set: Success

[2025-01-10 09:58:13] [INFO] mosquitto_message_callback_set: Success

[2025-01-10 09:58:14] [INFO] mosquitto_subscribe: Success

[2025-01-10 09:58:14] [INFO] mosquitto_subscribe: Success

[2025-01-10 10:07:18] [INFO] Parsed selected clients list from getenv, stored in selected_clients[] array

[2025-01-10 10:07:18] [INFO] mosquitto_lib_init: Success

[2025-01-10 10:07:18] [INFO] mosquitto_new: Success

[2025-01-10 10:07:18] [INFO] mosquitto_username_pw_set: Success

[2025-01-10 10:07:18] [INFO] mosquitto_tls_set: Success

[2025-01-10 10:07:18] [INFO] TLS configuration successful.

[2025-01-10 10:07:18] [INFO] mosquitto_connect: Success

[2025-01-10 10:07:18] [INFO] mosquitto_connect_callback_set: Success

[2025-01-10 10:07:18] [INFO] mosquitto_message_callback_set: Success

[2025-01-10 10:07:19] [INFO] mosquitto_subscribe: Success

[2025-01-10 10:07:19] [INFO] mosquitto_subscribe: Success

[2025-01-10 10:09:16] [INFO] Parsed selected clients list from getenv, stored in selected_clients[] array

[2025-01-10 10:09:16] [INFO] mosquitto_lib_init: Success

[2025-01-10 10:09:16] [INFO] mosquitto_new: Success

[2025-01-10 10:09:16] [INFO] mosquitto_username_pw_set: Success

[2025-01-10 10:09:16] [INFO] mosquitto_tls_set: Success

[2025-01-10 10:09:16] [INFO] TLS configuration successful.

[2025-01-10 10:09:16] [INFO] mosquitto_connect: Success

[2025-01-10 10:09:16] [INFO] mosquitto_connect_callback_set: Success

[2025-01-10 10:09:16] [INFO] mosquitto_message_callback_set: Success

[2025-01-10 10:09:17] [INFO] mosquitto_subscribe: Success

[2025-01-10 10:09:17] [INFO] mosquitto_subscribe: Success

[2025-01-10 10:09:25] [INFO] Received message on topic (null): (null)

[2025-01-10 10:09:25] [DEBUG] Bin file size: 127951225073627 bytes

[2025-01-10 10:09:25] [DEBUG] Sending file to (null)...

[2025-01-10 10:09:25] [INFO] mosquitto_publish: Success

[2025-01-10 10:09:25] [INFO] Received message on topic (null): (null)

[2025-01-10 11:12:25] [ERROR] SELECTED_CLIENTS environment variable not set.

[2025-01-10 11:25:54] [INFO] Parsed selected clients list from getenv, stored in selected_clients[] array

[2025-01-10 11:25:54] [INFO] mosquitto_lib_init: Success

[2025-01-10 11:25:54] [INFO] mosquitto_new: Success

[2025-01-10 11:25:54] [INFO] mosquitto_username_pw_set: Success

[2025-01-10 11:25:54] [INFO] mosquitto_tls_set: Success

[2025-01-10 11:25:54] [INFO] TLS configuration successful.

[2025-01-10 11:25:54] [INFO] mosquitto_connect: Success

[2025-01-10 11:25:54] [INFO] mosquitto_connect_callback_set: Success

[2025-01-10 11:25:54] [INFO] mosquitto_message_callback_set: Success

[2025-01-10 11:25:54] [INFO] mosquitto_subscribe: Success

[2025-01-10 11:25:54] [INFO] mosquitto_subscribe: Success

[2025-01-10 11:26:06] [INFO] Received message on topic (null): (null)

[2025-01-10 11:26:06] [DEBUG] Checking device ID: (null)

[2025-01-10 11:26:56] [INFO] Parsed selected clients list from getenv, stored in selected_clients[] array

[2025-01-10 11:26:56] [INFO] mosquitto_lib_init: Success

[2025-01-10 11:26:56] [INFO] mosquitto_new: Success

[2025-01-10 11:26:56] [INFO] mosquitto_username_pw_set: Success

[2025-01-10 11:26:56] [INFO] mosquitto_tls_set: Success

[2025-01-10 11:26:56] [INFO] TLS configuration successful.

[2025-01-10 11:26:56] [INFO] mosquitto_connect: Success

[2025-01-10 11:26:56] [INFO] mosquitto_connect_callback_set: Success

[2025-01-10 11:26:56] [INFO] mosquitto_message_callback_set: Success

[2025-01-10 11:26:57] [INFO] mosquitto_subscribe: Success

[2025-01-10 11:26:57] [INFO] mosquitto_subscribe: Success

[2025-01-10 11:27:04] [INFO] Received message on topic (null): (null)

[2025-01-10 11:27:04] [DEBUG] Checking device ID: (null)

[2025-01-10 11:27:04] [DEBUG] Device ID (null) is selected.

[2025-01-10 11:27:04] [DEBUG] Bin file size: 125758705086427 bytes

[2025-01-10 11:27:04] [DEBUG] Sending file to (null)...

[2025-01-10 11:27:04] [INFO] mosquitto_publish: Success

[2025-01-10 11:27:04] [INFO] Received message on topic (null): (null)

[2025-01-10 11:29:09] [INFO] Parsed selected clients list from getenv, stored in selected_clients[] array

[2025-01-10 11:29:09] [INFO] mosquitto_lib_init: Success

[2025-01-10 11:29:09] [INFO] mosquitto_new: Success

[2025-01-10 11:29:09] [INFO] mosquitto_username_pw_set: Success

[2025-01-10 11:29:09] [INFO] mosquitto_tls_set: Success

[2025-01-10 11:29:09] [INFO] TLS configuration successful.

[2025-01-10 11:29:09] [INFO] mosquitto_connect: Success

[2025-01-10 11:29:09] [INFO] mosquitto_connect_callback_set: Success

[2025-01-10 11:29:09] [INFO] mosquitto_message_callback_set: Success

[2025-01-10 11:29:10] [INFO] mosquitto_subscribe: Success

[2025-01-10 11:29:10] [INFO] mosquitto_subscribe: Success

[2025-01-10 11:29:18] [INFO] Received message on topic (null): (null)

[2025-01-10 11:29:18] [DEBUG] Checking device ID: (null)

[2025-01-10 11:29:18] [DEBUG] Device ID (null) is selected.

[2025-01-10 11:29:18] [DEBUG] Bin file size: 139684698238939 bytes

[2025-01-10 11:29:18] [DEBUG] Sending file to (null)...

[2025-01-10 11:29:18] [INFO] mosquitto_publish: Success

[2025-01-10 11:29:18] [INFO] Received message on topic (null): (null)

[2025-01-10 11:29:33] [INFO] Received message on topic (null): (null)

[2025-01-10 11:29:33] [DEBUG] Checking device ID: (null)

[2025-01-10 11:31:25] [INFO] Parsed selected clients list from getenv, stored in selected_clients[] array

[2025-01-10 11:31:25] [INFO] mosquitto_lib_init: Success

[2025-01-10 11:31:25] [INFO] mosquitto_new: Success

[2025-01-10 11:31:25] [INFO] mosquitto_username_pw_set: Success

[2025-01-10 11:31:25] [INFO] mosquitto_tls_set: Success

[2025-01-10 11:31:25] [INFO] TLS configuration successful.

[2025-01-10 11:31:26] [INFO] mosquitto_connect: Success

[2025-01-10 11:31:26] [INFO] mosquitto_connect_callback_set: Success

[2025-01-10 11:31:26] [INFO] mosquitto_message_callback_set: Success

[2025-01-10 11:31:26] [INFO] mosquitto_subscribe: Success

[2025-01-10 11:31:26] [INFO] mosquitto_subscribe: Success

[2025-01-10 11:31:37] [INFO] Received message on topic (null): (null)

[2025-01-10 11:31:37] [DEBUG] Checking device ID: (null)

[2025-01-10 11:41:34] [INFO] Parsed selected clients list from getenv, stored in selected_clients[] array

[2025-01-10 11:41:34] [INFO] mosquitto_lib_init: Success

[2025-01-10 11:41:34] [INFO] mosquitto_new: Success

[2025-01-10 11:41:34] [INFO] mosquitto_username_pw_set: Success

[2025-01-10 11:41:34] [INFO] mosquitto_tls_set: Success

[2025-01-10 11:41:34] [INFO] TLS configuration successful.

[2025-01-10 11:41:34] [INFO] mosquitto_connect: Success

[2025-01-10 11:41:34] [INFO] mosquitto_connect_callback_set: Success

[2025-01-10 11:41:34] [INFO] mosquitto_message_callback_set: Success

[2025-01-10 11:41:35] [INFO] mosquitto_subscribe: Success

[2025-01-10 11:41:35] [INFO] mosquitto_subscribe: Success

[2025-01-10 11:41:42] [INFO] Received message on topic (null): (null)

[2025-01-10 11:41:42] [DEBUG] Checking device ID: (null)

[2025-01-10 11:41:42] [DEBUG] Device ID (null) is selected.

[2025-01-10 11:41:42] [DEBUG] Bin file size: 136372953395163 bytes

[2025-01-10 11:41:42] [DEBUG] Sending file to (null)...

[2025-01-10 11:41:42] [INFO] mosquitto_publish: Success

[2025-01-10 12:31:38] [ERROR] Reached maximum device count. Cannot add more.
[2025-01-10 12:31:38] [ERROR] No devices were parsed from the input string.
[2025-01-10 12:31:38] [INFO] Parsed selected devices list from input string, stored in selected_devices[] array.
[2025-01-10 12:31:38] [INFO] mosquitto_lib_init: Success

[2025-01-10 12:31:38] [INFO] mosquitto_new: Success

[2025-01-10 12:31:38] [INFO] mosquitto_username_pw_set: Success

[2025-01-10 12:31:38] [INFO] mosquitto_tls_set: Success

[2025-01-10 12:31:38] [INFO] TLS configuration successful.

[2025-01-10 12:31:38] [INFO] mosquitto_connect: Success

[2025-01-10 12:31:38] [INFO] mosquitto_connect_callback_set: Success

[2025-01-10 12:31:38] [INFO] mosquitto_message_callback_set: Success

[2025-01-10 12:31:39] [INFO] mosquitto_subscribe: Success

[2025-01-10 12:31:39] [INFO] mosquitto_subscribe: Success

[2025-01-10 12:34:00] [INFO] Received message on topic (null): (null)

[2025-01-10 12:34:00] [DEBUG] Checking device ID: (null)

[2025-01-10 12:34:00] [ERROR] No devices are selected.
[2025-01-10 12:35:27] [INFO] Received message on topic (null): (null)

[2025-01-10 12:35:27] [DEBUG] Checking device ID: (null)

[2025-01-10 12:35:27] [ERROR] No devices are selected.
[2025-01-10 12:35:27] [INFO] Received message on topic (null): (null)

[2025-01-10 12:39:09] [INFO] Received message on topic (null): (null)

[2025-01-10 12:39:09] [DEBUG] Checking device ID: (null)

[2025-01-10 12:39:09] [ERROR] No devices are selected.
[2025-01-10 12:40:16] [ERROR] Reached maximum device count. Cannot add more.
[2025-01-10 12:40:16] [ERROR] No devices were parsed from the input string.
[2025-01-10 12:40:16] [INFO] Parsed selected devices list from input string, stored in selected_devices[] array.
[2025-01-10 12:40:16] [INFO] mosquitto_lib_init: Success

[2025-01-10 12:40:16] [INFO] mosquitto_new: Success

[2025-01-10 12:40:16] [INFO] mosquitto_username_pw_set: Success

[2025-01-10 12:40:16] [INFO] mosquitto_tls_set: Success

[2025-01-10 12:40:16] [INFO] TLS configuration successful.

[2025-01-10 12:40:17] [INFO] Successfully connected to broker at dfd171ee7540472f9e5b2b1dfeb706b8.s1.eu.hivemq.cloud:8883 with keepalive 60
[2025-01-10 12:40:17] [INFO] mosquitto_connect_callback_set: Success

[2025-01-10 12:40:17] [INFO] mosquitto_message_callback_set: Success

[2025-01-10 12:40:17] [INFO] mosquitto_subscribe: Success

[2025-01-10 12:40:17] [INFO] mosquitto_subscribe: Success

[2025-01-10 12:42:08] [INFO] Received message on topic (null): (null)

[2025-01-10 12:42:50] [INFO] Received message on topic (null): (null)

[2025-01-10 12:42:51] [INFO] Received message on topic (null): (null)

[2025-01-10 12:51:20] [INFO] Parsed selected devices list from input string, stored in selected_devices[] array.
[2025-01-10 12:51:20] [INFO] mosquitto_lib_init: Success

[2025-01-10 12:51:20] [INFO] mosquitto_new: Success

[2025-01-10 12:51:20] [INFO] mosquitto_username_pw_set: Success

[2025-01-10 12:51:20] [INFO] mosquitto_tls_set: Success

[2025-01-10 12:51:20] [INFO] TLS configuration successful.

[2025-01-10 12:51:20] [INFO] Successfully connected to broker at dfd171ee7540472f9e5b2b1dfeb706b8.s1.eu.hivemq.cloud:8883 with keepalive 60
[2025-01-10 12:51:20] [INFO] mosquitto_connect_callback_set: Success

[2025-01-10 12:51:20] [INFO] mosquitto_message_callback_set: Success

[2025-01-10 12:51:21] [INFO] mosquitto_subscribe: Success

[2025-01-10 12:51:21] [INFO] mosquitto_subscribe: Success

[2025-01-10 12:51:41] [INFO] Received message on topic (null): (null)

[2025-01-10 13:07:09] [INFO] Received message on topic (null): (null)

[2025-01-10 13:07:33] [INFO] Received message on topic (null): (null)

[2025-01-10 13:07:49] [INFO] Received message on topic (null): (null)

[2025-01-10 13:08:32] [INFO] Received message on topic (null): (null)

[2025-01-10 13:08:32] [INFO] Received message on topic (null): (null)

[2025-01-10 13:13:05] [INFO] Parsed selected devices list from input string, stored in selected_devices[] array.
[2025-01-10 13:13:05] [INFO] mosquitto_lib_init: Success

[2025-01-10 13:13:05] [INFO] mosquitto_new: Success

[2025-01-10 13:13:05] [INFO] mosquitto_username_pw_set: Success

[2025-01-10 13:13:05] [INFO] mosquitto_tls_set: Success

[2025-01-10 13:13:05] [INFO] TLS configuration successful.

[2025-01-10 13:13:05] [INFO] Successfully connected to broker at dfd171ee7540472f9e5b2b1dfeb706b8.s1.eu.hivemq.cloud:8883 with keepalive 60
[2025-01-10 13:13:05] [INFO] mosquitto_connect_callback_set: Success

[2025-01-10 13:13:05] [INFO] mosquitto_message_callback_set: Success

[2025-01-10 13:13:06] [INFO] mosquitto_subscribe: Success

[2025-01-10 13:13:06] [INFO] mosquitto_subscribe: Success

[2025-01-10 13:13:20] [INFO] Received message on topic (null): (null)

[2025-01-10 13:13:33] [INFO] Received message on topic (null): (null)

[2025-01-10 13:13:33] [INFO] Received message on topic (null): (null)

[2025-01-10 13:14:44] [INFO] Parsed selected devices list from input string, stored in selected_devices[] array.
[2025-01-10 13:14:44] [INFO] mosquitto_lib_init: Success

[2025-01-10 13:14:44] [INFO] mosquitto_new: Success

[2025-01-10 13:14:44] [INFO] mosquitto_username_pw_set: Success

[2025-01-10 13:14:44] [INFO] mosquitto_tls_set: Success

[2025-01-10 13:14:44] [INFO] TLS configuration successful.

[2025-01-10 13:14:45] [INFO] Successfully connected to broker at dfd171ee7540472f9e5b2b1dfeb706b8.s1.eu.hivemq.cloud:8883 with keepalive 60
[2025-01-10 13:14:45] [INFO] mosquitto_connect_callback_set: Success

[2025-01-10 13:14:45] [INFO] mosquitto_message_callback_set: Success

[2025-01-10 13:14:45] [INFO] mosquitto_subscribe: Success

[2025-01-10 13:14:45] [INFO] mosquitto_subscribe: Success

[2025-01-10 14:05:37] [INFO] Received message on topic (null): (null)

[2025-01-10 14:05:37] [INFO] Received message on topic (null): (null)

[2025-01-12 18:38:32] [INFO] Parsed selected devices list from input string, stored in selected_devices[] array.
[2025-01-12 18:38:32] [INFO] mosquitto_lib_init: Success

[2025-01-12 18:38:32] [INFO] mosquitto_new: Success

[2025-01-12 18:38:32] [INFO] mosquitto_username_pw_set: Success

[2025-01-12 18:38:32] [INFO] mosquitto_tls_set: Success

[2025-01-12 18:38:32] [INFO] TLS configuration successful.

[2025-01-12 18:38:32] [INFO] Successfully connected to broker at dfd171ee7540472f9e5b2b1dfeb706b8.s1.eu.hivemq.cloud:8883 with keepalive 60
[2025-01-12 18:38:32] [INFO] mosquitto_connect_callback_set: Success

[2025-01-12 18:38:32] [INFO] mosquitto_message_callback_set: Success

[2025-01-12 18:38:33] [INFO] mosquitto_subscribe: Success

[2025-01-12 18:38:33] [INFO] mosquitto_subscribe: Success

[2025-01-20 11:59:49] [INFO] Parsed selected devices list from input string, stored in selected_devices[] array.
[2025-01-20 11:59:49] [INFO] mosquitto_lib_init: Success

[2025-01-20 11:59:49] [INFO] mosquitto_new: Success

[2025-01-20 11:59:49] [INFO] mosquitto_username_pw_set: Success

[2025-01-20 11:59:49] [INFO] mosquitto_tls_set: Success

[2025-01-20 11:59:49] [INFO] TLS configuration successful.

[2025-01-20 11:59:49] [INFO] Successfully connected to broker at dfd171ee7540472f9e5b2b1dfeb706b8.s1.eu.hivemq.cloud:8883 with keepalive 60
[2025-01-20 11:59:49] [INFO] mosquitto_connect_callback_set: Success

[2025-01-20 11:59:49] [INFO] mosquitto_message_callback_set: Success

[2025-01-20 11:59:50] [INFO] mosquitto_subscribe: Success

[2025-01-20 11:59:50] [INFO] mosquitto_subscribe: Success

[2025-01-20 11:59:50] [INFO] Received message on topic (null): (null)

[2025-01-20 11:59:50] [INFO] Received message on topic (null): (null)

[2025-01-20 12:02:24] [INFO] Parsed selected devices list from input string, stored in selected_devices[] array.
[2025-01-20 12:02:24] [INFO] mosquitto_lib_init: Success

[2025-01-20 12:02:24] [INFO] mosquitto_new: Success

[2025-01-20 12:02:24] [INFO] mosquitto_username_pw_set: Success

[2025-01-20 12:02:24] [INFO] mosquitto_tls_set: Success

[2025-01-20 12:02:24] [INFO] TLS configuration successful.

[2025-01-20 12:02:24] [ERROR] Connection failed with an unknown error code: 15
[2025-01-20 12:02:24] [WARNING] Please verify the broker address, credentials, and network connection.
[2025-01-20 12:05:12] [INFO] Parsed selected devices list from input string, stored in selected_devices[] array.
[2025-01-20 12:05:12] [INFO] mosquitto_lib_init: Success

[2025-01-20 12:05:12] [INFO] mosquitto_new: Success

[2025-01-20 12:05:12] [INFO] mosquitto_username_pw_set: Success

[2025-01-20 12:05:12] [INFO] mosquitto_tls_set: Success

[2025-01-20 12:05:12] [INFO] TLS configuration successful.

[2025-01-20 12:05:13] [INFO] Successfully connected to broker at dfd171ee7540472f9e5b2b1dfeb706b8.s1.eu.hivemq.cloud:8883 with keepalive 60
[2025-01-20 12:05:13] [INFO] mosquitto_connect_callback_set: Success

[2025-01-20 12:05:13] [INFO] mosquitto_message_callback_set: Success

[2025-01-20 12:05:13] [INFO] mosquitto_subscribe: Success

[2025-01-20 12:05:13] [INFO] mosquitto_subscribe: Success

[2025-01-20 12:05:13] [INFO] Received message on topic (null): (null)

[2025-01-20 12:05:14] [INFO] Received message on topic (null): (null)

[2025-01-20 17:08:33] [INFO] Parsed selected devices list from input string, stored in selected_devices[] array.
[2025-01-20 17:08:33] [INFO] mosquitto_lib_init: Success

[2025-01-20 17:08:33] [INFO] mosquitto_new: Success

[2025-01-20 17:08:33] [INFO] mosquitto_username_pw_set: Success

[2025-01-20 17:08:33] [INFO] mosquitto_tls_set: Success

[2025-01-20 17:08:33] [INFO] TLS configuration successful.

[2025-01-20 17:08:33] [INFO] Successfully connected to broker at dfd171ee7540472f9e5b2b1dfeb706b8.s1.eu.hivemq.cloud:8883 with keepalive 60
[2025-01-20 17:08:33] [INFO] mosquitto_connect_callback_set: Success

[2025-01-20 17:08:33] [INFO] mosquitto_message_callback_set: Success

[2025-01-20 17:08:34] [INFO] mosquitto_subscribe: Success

[2025-01-20 17:08:34] [INFO] mosquitto_subscribe: Success

[2025-01-20 17:09:37] [INFO] Received message on topic (null): (null)

[2025-01-20 17:09:37] [INFO] Received message on topic (null): (null)

[2025-01-20 17:23:21] [INFO] Parsed selected devices list from input string, stored in selected_devices[] array.
[2025-01-20 17:23:21] [INFO] mosquitto_lib_init: Success

[2025-01-20 17:23:21] [INFO] mosquitto_new: Success

[2025-01-20 17:23:21] [INFO] mosquitto_username_pw_set: Success

[2025-01-20 17:23:21] [INFO] mosquitto_tls_set: Success

[2025-01-20 17:23:21] [INFO] TLS configuration successful.

[2025-01-20 17:23:21] [INFO] Successfully connected to broker at dfd171ee7540472f9e5b2b1dfeb706b8.s1.eu.hivemq.cloud:8883 with keepalive 60
[2025-01-20 17:23:21] [INFO] mosquitto_connect_callback_set: Success

[2025-01-20 17:23:21] [INFO] mosquitto_message_callback_set: Success

[2025-01-20 17:23:22] [INFO] mosquitto_subscribe: Success

[2025-01-20 17:23:22] [INFO] mosquitto_subscribe: Success

[2025-01-20 17:24:07] [INFO] Received message on topic (null): (null)

[2025-01-20 17:27:15] [INFO] Parsed selected devices list from input string, stored in selected_devices[] array.
[2025-01-20 17:27:15] [INFO] mosquitto_lib_init: Success

[2025-01-20 17:27:15] [INFO] mosquitto_new: Success

[2025-01-20 17:27:15] [INFO] mosquitto_username_pw_set: Success

[2025-01-20 17:27:15] [INFO] mosquitto_tls_set: Success

[2025-01-20 17:27:15] [INFO] TLS configuration successful.

[2025-01-20 17:27:15] [INFO] Successfully connected to broker at dfd171ee7540472f9e5b2b1dfeb706b8.s1.eu.hivemq.cloud:8883 with keepalive 60
[2025-01-20 17:27:15] [INFO] mosquitto_connect_callback_set: Success

[2025-01-20 17:27:15] [INFO] mosquitto_message_callback_set: Success

[2025-01-20 17:27:16] [INFO] mosquitto_subscribe: Success

[2025-01-20 17:27:16] [INFO] mosquitto_subscribe: Success

[2025-01-20 17:28:01] [INFO] Parsed selected devices list from input string, stored in selected_devices[] array.
[2025-01-20 17:28:01] [INFO] mosquitto_lib_init: Success

[2025-01-20 17:28:01] [INFO] mosquitto_new: Success

[2025-01-20 17:28:01] [INFO] mosquitto_username_pw_set: Success

[2025-01-20 17:28:01] [ERROR] exim_mosquitto_tls_set: cafile is NULL.

[2025-01-20 17:28:42] [INFO] Parsed selected devices list from input string, stored in selected_devices[] array.
[2025-01-20 17:28:42] [INFO] mosquitto_lib_init: Success

[2025-01-20 17:28:42] [INFO] mosquitto_new: Success

[2025-01-20 17:28:42] [INFO] mosquitto_username_pw_set: Success

[2025-01-20 17:28:42] [ERROR] exim_mosquitto_tls_set: Cannot read cafile No such file or directory, error: (null)

[2025-01-20 17:35:44] [INFO] Parsed selected devices list from input string, stored in selected_devices[] array.
[2025-01-20 17:35:44] [INFO] mosquitto_lib_init: Success

[2025-01-20 17:35:44] [INFO] mosquitto_new: Success

[2025-01-20 17:35:44] [INFO] mosquitto_username_pw_set: Success

[2025-01-20 17:35:44] [ERROR] exim_mosquitto_tls_set: Cannot read cafile No such file or directory, error: (null)

[2025-01-20 17:36:12] [INFO] Parsed selected devices list from input string, stored in selected_devices[] array.
[2025-01-20 17:36:12] [INFO] mosquitto_lib_init: Success

[2025-01-20 17:36:12] [INFO] mosquitto_new: Success

[2025-01-20 17:36:12] [INFO] mosquitto_username_pw_set: Success

[2025-01-20 17:36:12] [INFO] exim_mosquitto_tls_set: cafile = (null), capath = (null), cerfile = (null), keyfile = (null)

[2025-01-20 17:36:12] [INFO] mosquitto_tls_set: Success

[2025-01-20 17:36:12] [INFO] TLS configuration successful.

[2025-01-20 17:36:12] [INFO] Successfully connected to broker at dfd171ee7540472f9e5b2b1dfeb706b8.s1.eu.hivemq.cloud:8883 with keepalive 60
[2025-01-20 17:36:12] [INFO] mosquitto_connect_callback_set: Success

[2025-01-20 17:36:12] [INFO] mosquitto_message_callback_set: Success

[2025-01-20 17:36:13] [INFO] mosquitto_subscribe: Success

[2025-01-20 17:36:13] [INFO] mosquitto_subscribe: Success

[2025-01-20 17:43:20] [INFO] Parsed selected devices list from input string, stored in selected_devices[] array.
[2025-01-20 17:43:20] [INFO] mosquitto_lib_init: Success

[2025-01-20 17:43:20] [INFO] mosquitto_new: Success

[2025-01-20 17:43:20] [INFO] mosquitto_username_pw_set: Success

[2025-01-20 17:43:20] [INFO] exim_mosquitto_tls_set: cafile = (null), capath = (null), cerfile = (null), keyfile = (null)

[2025-01-20 17:43:20] [INFO] mosquitto_tls_set: Success

[2025-01-20 17:43:20] [INFO] TLS configuration successful.

[2025-01-20 17:43:21] [INFO] Successfully connected to broker at dfd171ee7540472f9e5b2b1dfeb706b8.s1.eu.hivemq.cloud:8883 with keepalive 60
[2025-01-20 17:43:21] [INFO] mosquitto_connect_callback_set: Success

[2025-01-20 17:43:21] [INFO] mosquitto_message_callback_set: Success

[2025-01-20 17:43:21] [INFO] mosquitto_subscribe: Success. Topic: (null), QoS: 0

[2025-01-20 17:43:21] [INFO] mosquitto_subscribe: Success. Topic: (null), QoS: 0

[2025-01-20 20:11:00] [INFO] Parsed selected devices list from input string, stored in selected_devices[] array.
[2025-01-20 20:11:00] [INFO] mosquitto_lib_init: Success

[2025-01-20 20:11:00] [INFO] mosquitto_new: Success

[2025-01-20 20:11:00] [INFO] mosquitto_username_pw_set: Success

[2025-01-20 20:11:00] [INFO] exim_mosquitto_tls_set: cafile = (null), capath = (null), cerfile = (null), keyfile = (null)

[2025-01-20 20:11:00] [INFO] mosquitto_tls_set: Success

[2025-01-20 20:11:00] [INFO] TLS configuration successful.

[2025-01-20 20:11:00] [INFO] Successfully connected to broker at dfd171ee7540472f9e5b2b1dfeb706b8.s1.eu.hivemq.cloud:8883 with keepalive 60
[2025-01-20 20:11:00] [INFO] mosquitto_connect_callback_set: Success

[2025-01-20 20:11:00] [INFO] mosquitto_message_callback_set: Success

[2025-01-20 20:11:01] [INFO] mosquitto_subscribe: Success. Topic: (null), QoS: 0

[2025-01-20 20:11:01] [INFO] mosquitto_subscribe: Success. Topic: (null), QoS: 0

